  transform.cpp
C:\Dev\SpriteEngineUI\Engine\src\spriteComponents\transform.cpp(74,79): warning C4244: 'argument': conversion from 'T' to 'float', possible loss of data
          with
          [
              T=int
          ]
C:\Dev\SpriteEngineUI\Engine\src\spriteComponents\transform.cpp(74,60): warning C4244: 'argument': conversion from 'T' to 'float', possible loss of data
          with
          [
              T=int
          ]
C:\Dev\SpriteEngineUI\Engine\src\spriteComponents\transform.cpp(78,60): warning C4244: 'argument': conversion from 'T' to 'float', possible loss of data
          with
          [
              T=int
          ]
C:\Dev\SpriteEngineUI\Engine\src\spriteComponents\transform.cpp(82,63): warning C4244: 'argument': conversion from 'T' to 'float', possible loss of data
          with
          [
              T=int
          ]
  SpriteEngine.vcxproj -> C:\Dev\SpriteEngineUI\Engine\x64\Debug\SpriteEngine.exe
