c:\dev\spriteengineui\engine\x64\debug\vc143.pdb
c:\dev\spriteengineui\engine\x64\debug\vc143.idb
c:\dev\spriteengineui\engine\x64\debug\gameengine.obj
c:\dev\spriteengineui\engine\x64\debug\sprite.obj
c:\dev\spriteengineui\engine\x64\debug\savesystem.obj
c:\dev\spriteengineui\engine\x64\debug\filedata.obj
c:\dev\spriteengineui\engine\x64\debug\spritedata.obj
c:\dev\spriteengineui\engine\x64\debug\input.obj
c:\dev\spriteengineui\engine\x64\debug\line.obj
c:\dev\spriteengineui\engine\x64\debug\gameobject.obj
c:\dev\spriteengineui\engine\x64\debug\boxcollider.obj
c:\dev\spriteengineui\engine\x64\debug\camera.obj
c:\dev\spriteengineui\engine\x64\debug\physicsbody.obj
c:\dev\spriteengineui\engine\x64\debug\animator.obj
c:\dev\spriteengineui\engine\x64\debug\animation.obj
c:\dev\spriteengineui\engine\x64\debug\childsystem.obj
c:\dev\spriteengineui\engine\x64\debug\event.obj
c:\dev\spriteengineui\engine\x64\debug\fontmanager.obj
c:\dev\spriteengineui\engine\x64\debug\uiprojectselector.obj
c:\dev\spriteengineui\engine\x64\debug\filedialogs.obj
c:\dev\spriteengineui\engine\x64\debug\enginedata.obj
c:\dev\spriteengineui\engine\x64\debug\renderer.obj
c:\dev\spriteengineui\engine\x64\debug\uianimationkeyframeeditor.obj
c:\dev\spriteengineui\engine\x64\debug\uiinfo.obj
c:\dev\spriteengineui\engine\x64\debug\uianimation.obj
c:\dev\spriteengineui\engine\x64\debug\uiinspectorboxcollider.obj
c:\dev\spriteengineui\engine\x64\debug\vector3.obj
c:\dev\spriteengineui\engine\x64\debug\transform.obj
c:\dev\spriteengineui\engine\x64\debug\uiassetfolder.obj
c:\dev\spriteengineui\engine\x64\debug\uiinspector.obj
c:\dev\spriteengineui\engine\x64\debug\uitoolbuttons.obj
c:\dev\spriteengineui\engine\x64\debug\uihirachy.obj
c:\dev\spriteengineui\engine\x64\debug\uiwindow.obj
c:\dev\spriteengineui\engine\x64\debug\time.obj
c:\dev\spriteengineui\engine\x64\debug\vector2.obj
c:\dev\spriteengineui\engine\x64\debug\spriteengine.obj
c:\dev\spriteengineui\engine\x64\debug\imgui_widgets.obj
c:\dev\spriteengineui\engine\x64\debug\imgui_tables.obj
c:\dev\spriteengineui\engine\x64\debug\imgui_draw.obj
c:\dev\spriteengineui\engine\x64\debug\imgui.obj
c:\dev\spriteengineui\engine\x64\debug\imgui-sfml.obj
c:\dev\spriteengineui\engine\x64\debug\ui.obj
c:\dev\spriteengineui\engine\x64\debug\uitoolbuttonsmodels.obj
c:\dev\spriteengineui\engine\x64\debug\uirealtimeeditortransfsormscale.obj
c:\dev\spriteengineui\engine\x64\debug\uirealtimeeditortransformposition.obj
c:\dev\spriteengineui\engine\x64\debug\uiprojectselectorprojectsection.obj
c:\dev\spriteengineui\engine\x64\debug\uihirachyspritedisplay.obj
c:\dev\spriteengineui\engine\x64\debug\uihirachymenudisplayer.obj
c:\dev\spriteengineui\engine\x64\debug\uirealtimeeditornavigator.obj
c:\dev\spriteengineui\engine\x64\debug\uiicondata.obj
c:\dev\spriteengineui\engine\x64\debug\uianimationeditor.obj
c:\dev\spriteengineui\engine\x64\debug\uirealtimeeditortransform.obj
c:\dev\spriteengineui\engine\x64\debug\uirealtimeeditor.obj
c:\dev\spriteengineui\engine\x64\debug\spriteengine.exe
c:\dev\spriteengineui\engine\x64\debug\spriteengine.ilk
c:\dev\spriteengineui\engine\x64\debug\spriteengine.pdb
c:\dev\spriteengineui\engine\x64\debug\spriteengine.tlog\cl.command.1.tlog
c:\dev\spriteengineui\engine\x64\debug\spriteengine.tlog\cl.read.1.tlog
c:\dev\spriteengineui\engine\x64\debug\spriteengine.tlog\cl.write.1.tlog
c:\dev\spriteengineui\engine\x64\debug\spriteengine.tlog\link.command.1.tlog
c:\dev\spriteengineui\engine\x64\debug\spriteengine.tlog\link.read.1.tlog
c:\dev\spriteengineui\engine\x64\debug\spriteengine.tlog\link.write.1.tlog
