c:\dev\spriteengineui\assets\x64\debug\vc143.pdb
c:\dev\spriteengineui\assets\x64\debug\vc143.idb
c:\dev\spriteengineui\assets\x64\debug\vector3.obj
c:\dev\spriteengineui\assets\x64\debug\stime.obj
c:\dev\spriteengineui\assets\x64\debug\stransform.obj
c:\dev\spriteengineui\assets\x64\debug\vector2.obj
c:\dev\spriteengineui\assets\x64\debug\testing.obj
c:\dev\spriteengineui\assets\x64\debug\game.obj
c:\dev\spriteengineui\assets\x64\debug\main.obj
c:\dev\spriteengineui\assets\x64\debug\boxcolliderpositiondata.obj
c:\dev\spriteengineui\assets\x64\debug\filedata.obj
c:\dev\spriteengineui\assets\x64\debug\input.obj
c:\dev\spriteengineui\assets\x64\debug\spritedata.obj
c:\dev\spriteengineui\assets\x64\debug\gameobject.obj
c:\dev\spriteengineui\assets\x64\debug\sprite.obj
c:\dev\spriteengineui\assets\x64\debug\gamedata.obj
c:\dev\spriteengineui\assets\x64\debug\boxcollider.obj
c:\dev\spriteengineui\assets\x64\debug\camera.obj
c:\dev\spriteengineui\assets\x64\debug\physicsbody.obj
c:\dev\spriteengineui\assets\x64\debug\physics.obj
c:\dev\spriteengineui\assets\x64\debug\assets.exe
c:\dev\spriteengineui\assets\x64\debug\assets.ilk
c:\dev\spriteengineui\assets\x64\debug\assets.pdb
c:\dev\spriteengineui\assets\x64\debug\assets.tlog\cl.command.1.tlog
c:\dev\spriteengineui\assets\x64\debug\assets.tlog\cl.read.1.tlog
c:\dev\spriteengineui\assets\x64\debug\assets.tlog\cl.write.1.tlog
c:\dev\spriteengineui\assets\x64\debug\assets.tlog\link.command.1.tlog
c:\dev\spriteengineui\assets\x64\debug\assets.tlog\link.read.1.tlog
c:\dev\spriteengineui\assets\x64\debug\assets.tlog\link.write.1.tlog
